\BOOKMARK [0][]{chapter.1}{\376\377\000\332\000v\000o\000d}{}% 1
\BOOKMARK [1][]{section.1.1}{\376\377\000T\000e\000x\000t\000o\000v\000\351\000\040\000f\000o\000r\000m\000\341\000t\000y}{chapter.1}% 2
\BOOKMARK [1][]{section.1.2}{\376\377\000A\000d\000o\000b\000e}{chapter.1}% 3
\BOOKMARK [2][]{subsection.1.2.1}{\376\377\000F\000o\000r\000m\000u\000l\000\341\001\131\000e}{section.1.2}% 4
\BOOKMARK [2][]{subsection.1.2.2}{\376\377\000A\000c\000r\000o\000b\000a\000t\000\040\000F\000D\000F\000\040\000T\000o\000o\000l\000k\000i\000t}{section.1.2}% 5
\BOOKMARK [2][]{subsection.1.2.3}{\376\377\000A\000c\000r\000o\000b\000a\000t\000\040\000L\000i\000v\000e\000C\000y\000c\000l\000e\000\040\000D\000e\000s\000i\000g\000n\000e\000r}{section.1.2}% 6
\BOOKMARK [2][]{subsection.1.2.4}{\376\377\000F\000o\000r\000m\000s\000C\000e\000n\000t\000r\000a\000l}{section.1.2}% 7
\BOOKMARK [2][]{subsection.1.2.5}{\376\377\000A\000l\000t\000e\000r\000n\000a\000t\000i\000v\000y\000\040\000F\000o\000r\000m\000s\000C\000e\000n\000t\000r\000a\000l\000\040\000t\001\131\000e\000t\000\355\000c\000h\000\040\000s\000t\000r\000a\000n}{section.1.2}% 8
\BOOKMARK [1][]{section.1.3}{\376\377\000P\000D\000F\000L\000i\000b}{chapter.1}% 9
\BOOKMARK [1][]{section.1.4}{\376\377\000F\000P\000D\000F}{chapter.1}% 10
\BOOKMARK [2][]{subsection.1.4.1}{\376\377\000F\000P\000D\000I}{section.1.4}% 11
\BOOKMARK [1][]{section.1.5}{\376\377\000m\000P\000D\000F}{chapter.1}% 12
\BOOKMARK [1][]{section.1.6}{\376\377\000D\000O\000M\000P\000D\000F}{chapter.1}% 13
\BOOKMARK [1][]{section.1.7}{\376\377\000S\000n\000a\000p\000p\000y}{chapter.1}% 14
\BOOKMARK [1][]{section.1.8}{\376\377\000T\000C\000P\000D\000F}{chapter.1}% 15
\BOOKMARK [1][]{section.1.9}{\376\377\000P\000D\000F\000\040\000P\000a\000r\000s\000e\000r}{chapter.1}% 16
\BOOKMARK [1][]{section.1.10}{\376\377\000P\000D\000F\000T\000o\000o\000l\000k\000i\000t}{chapter.1}% 17
\BOOKMARK [1][]{section.1.11}{\376\377\000Z\000\341\000v\001\033\000r\000\040\000p\000r\001\157\000z\000k\000u\000m\000u}{chapter.1}% 18
\BOOKMARK [0][]{chapter.2}{\376\377\000I\000m\000p\000l\000e\000m\000e\000n\000t\000a\000c\000e}{}% 19
\BOOKMARK [1][]{section.2.1}{\376\377\000N\000\341\000v\000r\000h\000\040\000f\000o\000r\000m\000u\000l\000\341\001\131\000e}{chapter.2}% 20
\BOOKMARK [0][]{chapter.3}{\376\377\000D\000o\000k\000u\000m\000e\000n\000t\000a\000c\000e}{}% 21
\BOOKMARK [1][]{section.3.1}{\376\377\000T\001\131\000\355\000d\000a\000\040\000P\000D\000F\000W\000i\000t\000h\000H\000e\000a\000d\000e\000r}{chapter.3}% 22
\BOOKMARK [2][]{subsection.3.1.1}{\376\377\000F\000u\000n\000k\000c\000e\000\040\000H\000e\000a\000d\000e\000r}{section.3.1}% 23
\BOOKMARK [1][]{section.3.2}{\376\377\000G\000e\000n\000e\000r\000o\000v\000\341\000n\000\355\000\040\000d\000o\000k\000u\000m\000e\000n\000t\000u}{chapter.3}% 24
\BOOKMARK [2][]{subsection.3.2.1}{\376\377\000P\000a\000r\000a\000m\000e\000t\000r\000y}{section.3.2}% 25
\BOOKMARK [2][]{subsection.3.2.2}{\376\377\000G\000e\000n\000e\000r\000o\000v\000\341\000n\000\355}{section.3.2}% 26
\BOOKMARK [1][]{section.3.3}{\376\377\000Z\000p\000r\000a\000c\000o\000v\000\341\000n\000\355\000\040\000d\000o\000k\000u\000m\000e\000n\000t\000u}{chapter.3}% 27
\BOOKMARK [2][]{subsection.3.3.1}{\376\377\000P\000a\000r\000a\000m\000e\000t\000r\000y}{section.3.3}% 28
\BOOKMARK [2][]{subsection.3.3.2}{\376\377\000Z\000p\000r\000a\000c\000o\000v\000\341\000n\000\355}{section.3.3}% 29
\BOOKMARK [2][]{subsection.3.3.3}{\376\377\000P\000a\000r\000s\000o\000v\000\341\000n\000\355}{section.3.3}% 30
\BOOKMARK [2][]{subsection.3.3.4}{\376\377\000A\000k\000t\000u\000a\000l\000i\000z\000a\000c\000e\000\040\000h\000o\000d\000n\000o\000t\000\040\000v\000\040\000d\000a\000t\000a\000b\000\341\000z\000i}{section.3.3}% 31
\BOOKMARK [0][]{chapter.4}{\376\377\000R\000o\000z\001\141\000i\001\131\000i\000t\000e\000l\000n\000o\000s\000t}{}% 32
\BOOKMARK [1][]{section.4.1}{\376\377\000F\000o\000r\000m\000u\000l\000\341\001\131\000e\000\040\000v\000\040\000T\000C\000P\000D\000F}{chapter.4}% 33
\BOOKMARK [2][]{subsection.4.1.1}{\376\377\000P\001\131\000\355\000k\000l\000a\000d\000\040\000v\000a\000l\000i\000d\000a\000c\000e\000\040\000f\000o\000r\000m\000u\000l\000\341\001\131\000e\000\040\000p\000o\000m\000o\000c\000\355\000\040\000J\000a\000v\000a\000S\000c\000r\000i\000p\000t\000u}{section.4.1}% 34
\BOOKMARK [2][]{subsection.4.1.2}{\376\377\000T\000v\000o\000r\000b\000a\000\040\000f\000o\000r\000m\000u\000l\000\341\001\131\000e}{section.4.1}% 35
\BOOKMARK [0][]{chapter.5}{\376\377\000T\000e\000s\000t\000o\000v\000\341\000n\000\355}{}% 36
\BOOKMARK [1][]{section.5.1}{\376\377\000K\000o\000m\000p\000a\000t\000i\000b\000i\000l\000i\000t\000a}{chapter.5}% 37
\BOOKMARK [2][]{subsection.5.1.1}{\376\377\000W\000e\000b\000o\000v\000\351\000\040\000p\000r\000o\000h\000l\000\355\001\176\000e\001\015\000e}{section.5.1}% 38
\BOOKMARK [2][]{subsection.5.1.2}{\376\377\000E\000d\000i\000t\000o\000r\000y}{section.5.1}% 39
\BOOKMARK [1][]{section.5.2}{\376\377\000G\000e\000n\000e\000r\000o\000v\000\341\000n\000\355\000\040\000a\000\040\000n\000a\000h\000r\000\341\000v\000\341\000n\000\355}{chapter.5}% 40
\BOOKMARK [1][]{section.5.3}{\376\377\000O\000d\000h\000a\000l\000e\000n\000\351\000\040\000c\000h\000y\000b\000y}{chapter.5}% 41
\BOOKMARK [2][]{subsection.5.3.1}{\376\377\000D\000i\000a\000k\000r\000i\000t\000i\000k\000a\000\040\000v\000\040\000n\000a\000d\000p\000i\000s\000u}{section.5.3}% 42
\BOOKMARK [2][]{subsection.5.3.2}{\376\377\000S\000p\000e\000c\000i\000\341\000l\000n\000\355\000\040\000z\000n\000a\000k\000y\000\040\000v\000e\000\040\000f\000o\000r\000m\000u\000l\000\341\001\131\000i}{section.5.3}% 43
\BOOKMARK [2][]{subsection.5.3.3}{\376\377\000N\000e\000k\000o\000r\000e\000k\000t\000n\001\033\000\040\000v\000y\000p\000l\000n\001\033\000n\000\375\000\040\000f\000o\000r\000m\000u\000l\000\341\001\131}{section.5.3}% 44
\BOOKMARK [2][]{subsection.5.3.4}{\376\377\000N\000a\000h\000r\000\341\000n\000\355\000\040\000j\000i\000n\000\351\000h\000o\000\040\000P\000D\000F}{section.5.3}% 45
\BOOKMARK [2][]{subsection.5.3.5}{\376\377\001\140\000p\000a\000t\000n\000\375\000\040\000p\000o\000s\000u\000n\000\040\000p\001\131\000i\000\040\000p\000a\000r\000s\000o\000v\000\341\000n\000\355}{section.5.3}% 46
\BOOKMARK [2][]{subsection.5.3.6}{\376\377\000I\000n\000j\000e\000k\000c\000e\000\040\000o\000b\000s\000a\000h\000u\000\040\000b\000u\000n\001\033\000k}{section.5.3}% 47
\BOOKMARK [2][]{subsection.5.3.7}{\376\377\000O\000b\000e\000c\000n\000\351\000\040\000t\000e\000s\000t\000o\000v\000\341\000n\000\355}{section.5.3}% 48
\BOOKMARK [0][]{chapter.6}{\376\377\000Z\000\341\000v\001\033\000r}{}% 49
\BOOKMARK [0][]{chapter*.9}{\376\377\000L\000i\000t\000e\000r\000a\000t\000u\000r\000a}{}% 50
